<?xml version="1.0" encoding="UTF-8"?>
<!-- Generated by org.testng.reporters.JUnitReportReporter -->
<testsuite hostname="DESKTOP-H2ULFNK" failures="0" tests="1" name="Tests.FbLoginTest" time="111.563" errors="0" timestamp="07 Dec 2019 07:18:21 GMT" skipped="0">
  <testcase classname="Tests.FbLoginTest" name="init" time="111.563"/>
</testsuite> <!-- Tests.FbLoginTest -->
